[33mStarting up http-server, serving [39m[36m./[39m[33m on: [39m[36mhttp://0.0.0.0:5151[39m
Hit CTRL-C to stop the server
[31mhttp-server stopped.[39m
[33mStarting up http-server, serving [39m[36m./[39m[33m on: [39m[36mhttp://0.0.0.0:5151[39m
Hit CTRL-C to stop the server
[Mon, 20 Jun 2016 13:22:52 GMT] "[36mGET[39m [36m/[39m" "Mozilla/5.0 (Macintosh; Intel Mac OS X 10_11_3) AppleWebKit/537.36 (KHTML, like Gecko) Chrome/50.0.2661.102 Safari/537.36"
[Mon, 20 Jun 2016 13:22:52 GMT] "[36mGET[39m [36m/favicon.ico[39m" "Mozilla/5.0 (Macintosh; Intel Mac OS X 10_11_3) AppleWebKit/537.36 (KHTML, like Gecko) Chrome/50.0.2661.102 Safari/537.36"
[Mon, 20 Jun 2016 13:22:52 GMT] "[31mGET[39m [31m/favicon.ico[39m" Error ([31m404[39m): "[31mNot found[39m"
[Mon, 20 Jun 2016 13:22:55 GMT] "[36mGET[39m [36m/simpledit.html[39m" "Mozilla/5.0 (Macintosh; Intel Mac OS X 10_11_3) AppleWebKit/537.36 (KHTML, like Gecko) Chrome/50.0.2661.102 Safari/537.36"
[Mon, 20 Jun 2016 13:22:59 GMT] "[36mGET[39m [36m/simpledit[39m" "Mozilla/5.0 (Macintosh; Intel Mac OS X 10_11_3) AppleWebKit/537.36 (KHTML, like Gecko) Chrome/50.0.2661.102 Safari/537.36"
[Mon, 20 Jun 2016 13:27:04 GMT] "[36mGET[39m [36m/testrun[39m" "Mozilla/5.0 (Macintosh; Intel Mac OS X 10_11_3) AppleWebKit/537.36 (KHTML, like Gecko) Chrome/50.0.2661.102 Safari/537.36"
[Mon, 20 Jun 2016 13:27:04 GMT] "[31mGET[39m [31m/testrun[39m" Error ([31m404[39m): "[31mNot found[39m"
[Mon, 20 Jun 2016 14:52:52 GMT] "[36mGET[39m [36m/simpledit[39m" "Mozilla/5.0 (Macintosh; Intel Mac OS X 10_11_3) AppleWebKit/537.36 (KHTML, like Gecko) Chrome/51.0.2704.103 Safari/537.36"
[Mon, 20 Jun 2016 14:52:52 GMT] "[36mGET[39m [36m/favicon.ico[39m" "Mozilla/5.0 (Macintosh; Intel Mac OS X 10_11_3) AppleWebKit/537.36 (KHTML, like Gecko) Chrome/51.0.2704.103 Safari/537.36"
[Mon, 20 Jun 2016 14:52:52 GMT] "[31mGET[39m [31m/favicon.ico[39m" Error ([31m404[39m): "[31mNot found[39m"
[Mon, 20 Jun 2016 15:41:36 GMT] "[36mGET[39m [36m/simpledit[39m" "Mozilla/5.0 (Macintosh; Intel Mac OS X 10_11_3) AppleWebKit/537.36 (KHTML, like Gecko) Chrome/50.0.2661.102 Safari/537.36"
[Mon, 20 Jun 2016 15:42:04 GMT] "[36mGET[39m [36m/simpledit[39m" "Mozilla/5.0 (Macintosh; Intel Mac OS X 10_11_3) AppleWebKit/537.36 (KHTML, like Gecko) Chrome/50.0.2661.102 Safari/537.36"
[Mon, 20 Jun 2016 15:54:34 GMT] "[36mGET[39m [36m/simpledit[39m" "Mozilla/5.0 (Macintosh; Intel Mac OS X 10_11_3) AppleWebKit/537.36 (KHTML, like Gecko) Chrome/50.0.2661.102 Safari/537.36"
[Mon, 20 Jun 2016 15:57:54 GMT] "[36mGET[39m [36m/simpledit[39m" "Mozilla/5.0 (Macintosh; Intel Mac OS X 10_11_3) AppleWebKit/537.36 (KHTML, like Gecko) Chrome/50.0.2661.102 Safari/537.36"
[Mon, 20 Jun 2016 15:58:39 GMT] "[36mGET[39m [36m/simpledit[39m" "Mozilla/5.0 (Macintosh; Intel Mac OS X 10_11_3) AppleWebKit/537.36 (KHTML, like Gecko) Chrome/50.0.2661.102 Safari/537.36"
[Mon, 20 Jun 2016 15:59:08 GMT] "[36mGET[39m [36m/simpledit[39m" "Mozilla/5.0 (Macintosh; Intel Mac OS X 10_11_3) AppleWebKit/537.36 (KHTML, like Gecko) Chrome/50.0.2661.102 Safari/537.36"
[Mon, 20 Jun 2016 16:00:11 GMT] "[36mGET[39m [36m/simpledit[39m" "Mozilla/5.0 (Macintosh; Intel Mac OS X 10_11_3) AppleWebKit/537.36 (KHTML, like Gecko) Chrome/50.0.2661.102 Safari/537.36"
[Mon, 20 Jun 2016 16:00:13 GMT] "[36mGET[39m [36m/simpledit[39m" "Mozilla/5.0 (Macintosh; Intel Mac OS X 10_11_3) AppleWebKit/537.36 (KHTML, like Gecko) Chrome/50.0.2661.102 Safari/537.36"
[Mon, 20 Jun 2016 16:00:26 GMT] "[36mGET[39m [36m/simpledit[39m" "Mozilla/5.0 (Macintosh; Intel Mac OS X 10_11_3) AppleWebKit/537.36 (KHTML, like Gecko) Chrome/50.0.2661.102 Safari/537.36"
[Mon, 20 Jun 2016 16:00:36 GMT] "[36mGET[39m [36m/simpledit[39m" "Mozilla/5.0 (Macintosh; Intel Mac OS X 10_11_3) AppleWebKit/537.36 (KHTML, like Gecko) Chrome/50.0.2661.102 Safari/537.36"
[Mon, 20 Jun 2016 16:01:10 GMT] "[36mGET[39m [36m/simpledit[39m" "Mozilla/5.0 (Macintosh; Intel Mac OS X 10_11_3) AppleWebKit/537.36 (KHTML, like Gecko) Chrome/50.0.2661.102 Safari/537.36"
[Mon, 20 Jun 2016 16:01:16 GMT] "[36mGET[39m [36m/simpledit[39m" "Mozilla/5.0 (Macintosh; Intel Mac OS X 10_11_3) AppleWebKit/537.36 (KHTML, like Gecko) Chrome/50.0.2661.102 Safari/537.36"
[Mon, 20 Jun 2016 16:01:54 GMT] "[36mGET[39m [36m/simpledit[39m" "Mozilla/5.0 (Macintosh; Intel Mac OS X 10_11_3) AppleWebKit/537.36 (KHTML, like Gecko) Chrome/50.0.2661.102 Safari/537.36"
[Mon, 20 Jun 2016 16:01:58 GMT] "[36mGET[39m [36m/simpledit[39m" "Mozilla/5.0 (Macintosh; Intel Mac OS X 10_11_3) AppleWebKit/537.36 (KHTML, like Gecko) Chrome/50.0.2661.102 Safari/537.36"
[Mon, 20 Jun 2016 16:02:05 GMT] "[36mGET[39m [36m/simpledit[39m" "Mozilla/5.0 (Macintosh; Intel Mac OS X 10_11_3) AppleWebKit/537.36 (KHTML, like Gecko) Chrome/50.0.2661.102 Safari/537.36"
[Mon, 20 Jun 2016 16:02:31 GMT] "[36mGET[39m [36m/simpledit[39m" "Mozilla/5.0 (Macintosh; Intel Mac OS X 10_11_3) AppleWebKit/537.36 (KHTML, like Gecko) Chrome/50.0.2661.102 Safari/537.36"
[Mon, 20 Jun 2016 16:02:42 GMT] "[36mGET[39m [36m/simpledit[39m" "Mozilla/5.0 (Macintosh; Intel Mac OS X 10_11_3) AppleWebKit/537.36 (KHTML, like Gecko) Chrome/50.0.2661.102 Safari/537.36"
[Mon, 20 Jun 2016 16:03:21 GMT] "[36mGET[39m [36m/simpledit[39m" "Mozilla/5.0 (Macintosh; Intel Mac OS X 10_11_3) AppleWebKit/537.36 (KHTML, like Gecko) Chrome/50.0.2661.102 Safari/537.36"
[Mon, 20 Jun 2016 16:03:45 GMT] "[36mGET[39m [36m/simpledit[39m" "Mozilla/5.0 (Macintosh; Intel Mac OS X 10_11_3) AppleWebKit/537.36 (KHTML, like Gecko) Chrome/50.0.2661.102 Safari/537.36"
