info it worked if it ends with ok
verbose cli [ 'node', '/usr/local/bin/npm', 'install', 'socket' ]
info using npm@1.1.1
info using node@v0.6.11
verbose config file /Users/dan/.npmrc
verbose config file /usr/local/etc/npmrc
verbose config file /usr/local/lib/node_modules/npm/npmrc
verbose caching /Users/dan/New Code/pithy/node_modules/express/package.json
verbose loadDefaults express@3.0.0rc4
verbose caching /Users/dan/New Code/pithy/node_modules/glob/package.json
verbose loadDefaults glob@3.1.13
verbose caching /Users/dan/New Code/pithy/node_modules/share/package.json
verbose loadDefaults share@0.5.0
verbose cache add [ 'socket', null ]
silly cache add: name, spec, args [ undefined, 'socket', [ 'socket', null ] ]
verbose parsed url { pathname: 'socket', path: 'socket', href: 'socket' }
verbose addNamed [ 'socket', '' ]
verbose addNamed [ null, '' ]
silly name, range, hasData [ 'socket', '', false ]
verbose raw, before any munging socket
verbose url resolving [ 'https://registry.npmjs.org/', './socket' ]
verbose url resolved https://registry.npmjs.org/socket
verbose etag "BGWHLEXVPIRQ91JH9VVUV9UR7"
http GET https://registry.npmjs.org/socket
http 304 https://registry.npmjs.org/socket
silly get cb [ 304,
silly get cb   { server: 'CouchDB/1.2.0 (Erlang OTP/R15B)',
silly get cb     etag: '"BGWHLEXVPIRQ91JH9VVUV9UR7"',
silly get cb     date: 'Wed, 17 Oct 2012 17:38:42 GMT',
silly get cb     'content-length': '0' } ]
verbose etag socket from cache
silly name, range, hasData 2 [ 'socket', '', true ]
silly versions [ 'socket', [ '0.0.1' ] ]
verbose bin dist [ '0.6-ares1.7.5-DEV-evundefined-openssl0.9.8r-v83.6.6.20-darwin-ia32-12.2.0',
verbose bin dist   { shasum: '29ac6549f15a65b19f3444a4178d537a8c161a8b',
verbose bin dist     tarball: 'http://registry.npmjs.org/socket/-/socket-0.0.1.tgz' } ]
verbose caching /Users/dan/.npm/socket/0.0.1/package/package.json
verbose loadDefaults socket@0.0.1
silly resolved [ { name: 'socket',
silly resolved     description: 'Socket is a connect clone for simple socket based applications',
silly resolved     version: '0.0.1',
silly resolved     author: 
silly resolved      { name: 'Richard S Allinson',
silly resolved        email: 'rsa@mounitainmansoftware.com' },
silly resolved     main: 'index',
silly resolved     engines: { node: '>= 0.6.0 < 0.7.0' },
silly resolved     dependencies: { microtime: '=0.2.0' },
silly resolved     repository: { type: 'git', url: 'git://github.com/capecodehq/socket.git' },
silly resolved     license: 'MIT',
silly resolved     _id: 'socket@0.0.1',
silly resolved     devDependencies: {},
silly resolved     optionalDependencies: {},
silly resolved     _engineSupported: true,
silly resolved     _npmVersion: '1.1.1',
silly resolved     _nodeVersion: 'v0.6.11',
silly resolved     _defaultsLoaded: true,
silly resolved     scripts: {} } ]
info into /Users/dan/New Code/pithy socket@0.0.1
info installOne socket@0.0.1
info unbuild /Users/dan/New Code/pithy/node_modules/socket
verbose from cache /Users/dan/.npm/socket/0.0.1/package/package.json
verbose mkdir (expected) error ENOENT, no such file or directory '/Users/dan/New Code/pithy/node_modules/___socket.npm'
verbose mkdir done: /Users/dan/New Code/pithy/node_modules/___socket.npm 755
verbose unpack_ uid, gid [ undefined, undefined ]
verbose unpackTarget /Users/dan/New Code/pithy/node_modules/socket
silly gunzTarPerm modes [ '755', '644' ]
silly afterUntar undefined
silly asyncMap in gTP /Users/dan/New Code/pithy/node_modules/___socket.npm/package
silly asyncMap in gTP /Users/dan/New Code/pithy/node_modules/___socket.npm/package/index.js
silly asyncMap in gTP /Users/dan/New Code/pithy/node_modules/___socket.npm/package/package.json
silly asyncMap in gTP /Users/dan/New Code/pithy/node_modules/___socket.npm/package/examples
silly asyncMap in gTP /Users/dan/New Code/pithy/node_modules/___socket.npm/package/examples/echo-server.js
silly asyncMap in gTP /Users/dan/New Code/pithy/node_modules/___socket.npm/package/examples/simple-test.js
silly asyncMap in gTP /Users/dan/New Code/pithy/node_modules/___socket.npm/package/examples/simple-time-server.js
silly asyncMap in gTP /Users/dan/New Code/pithy/node_modules/___socket.npm/package/scripts
silly asyncMap in gTP /Users/dan/New Code/pithy/node_modules/___socket.npm/package/scripts/lint
silly asyncMap in gTP /Users/dan/New Code/pithy/node_modules/___socket.npm/package/lib
silly asyncMap in gTP /Users/dan/New Code/pithy/node_modules/___socket.npm/package/lib/index.js
silly asyncMap in gTP /Users/dan/New Code/pithy/node_modules/___socket.npm/package/lib/proto.js
silly asyncMap in gTP /Users/dan/New Code/pithy/node_modules/___socket.npm/package/lib/utils.js
silly asyncMap in gTP /Users/dan/New Code/pithy/node_modules/___socket.npm/package/lib/middleware
silly asyncMap in gTP /Users/dan/New Code/pithy/node_modules/___socket.npm/package/lib/middleware/echo.js
silly asyncMap in gTP /Users/dan/New Code/pithy/node_modules/___socket.npm/package/lib/middleware/errorHandler.js
silly asyncMap in gTP /Users/dan/New Code/pithy/node_modules/___socket.npm/package/lib/middleware/json.js
silly asyncMap in gTP /Users/dan/New Code/pithy/node_modules/___socket.npm/package/lib/middleware/profiler.js
silly asyncMap in gTP /Users/dan/New Code/pithy/node_modules/___socket.npm/package/nbproject
silly asyncMap in gTP /Users/dan/New Code/pithy/node_modules/___socket.npm/package/nbproject/project.properties
silly asyncMap in gTP /Users/dan/New Code/pithy/node_modules/___socket.npm/package/nbproject/project.xml
silly asyncMap in gTP /Users/dan/New Code/pithy/node_modules/___socket.npm/package/nbproject/private
silly asyncMap in gTP /Users/dan/New Code/pithy/node_modules/___socket.npm/package/nbproject/private/private.properties
verbose gunzed /Users/dan/New Code/pithy/node_modules/___socket.npm/package
verbose rm'ed /Users/dan/New Code/pithy/node_modules/socket
verbose renamed [ '/Users/dan/New Code/pithy/node_modules/___socket.npm/package',
verbose renamed   '/Users/dan/New Code/pithy/node_modules/socket' ]
verbose caching /Users/dan/New Code/pithy/node_modules/socket/package.json
verbose loadDefaults socket@0.0.1
info preinstall socket@0.0.1
verbose from cache /Users/dan/New Code/pithy/node_modules/socket/package.json
verbose cache add [ 'microtime@=0.2.0', null ]
silly cache add: name, spec, args [ undefined, 'microtime@=0.2.0', [ 'microtime@=0.2.0', null ] ]
verbose parsed url { pathname: 'microtime@=0.2.0',
verbose parsed url   path: 'microtime@=0.2.0',
verbose parsed url   href: 'microtime@=0.2.0' }
silly cache add: name, spec, args [ 'microtime', '=0.2.0', [ 'microtime', '=0.2.0' ] ]
verbose parsed url { pathname: '=0.2.0', path: '=0.2.0', href: '=0.2.0' }
verbose addNamed [ 'microtime', '=0.2.0' ]
verbose addNamed [ '0.2.0', '=0.2.0' ]
verbose raw, before any munging microtime/0.2.0
verbose url resolving [ 'https://registry.npmjs.org/', './microtime/0.2.0' ]
verbose url resolved https://registry.npmjs.org/microtime/0.2.0
verbose etag "BTZ2E9AZV1ZVAHMYLH24EY6K0"
http GET https://registry.npmjs.org/microtime/0.2.0
http 304 https://registry.npmjs.org/microtime/0.2.0
silly get cb [ 304,
silly get cb   { server: 'CouchDB/1.2.0 (Erlang OTP/R15B)',
silly get cb     etag: '"BTZ2E9AZV1ZVAHMYLH24EY6K0"',
silly get cb     date: 'Wed, 17 Oct 2012 17:38:43 GMT',
silly get cb     'content-length': '0' } ]
verbose etag microtime/0.2.0 from cache
verbose bin dist [ '0.6-ares1.7.5-DEV-evundefined-openssl0.9.8r-v83.6.6.20-darwin-ia32-12.2.0',
verbose bin dist   { shasum: '45ee5cb061f9948a3ade221e620d5117a8a2bdb4',
verbose bin dist     tarball: 'http://registry.npmjs.org/microtime/-/microtime-0.2.0.tgz' } ]
verbose has wscript [ undefined,
verbose has wscript   { file: '/Users/dan/.npm/microtime/0.2.0/package/package.json',
verbose has wscript     contributors: false,
verbose has wscript     serverjs: false,
verbose has wscript     wscript: true } ]
verbose caching /Users/dan/.npm/microtime/0.2.0/package/package.json
verbose loadDefaults microtime@0.2.0
silly resolved [ { name: 'microtime',
silly resolved     version: '0.2.0',
silly resolved     description: 'Get the current time in microseconds',
silly resolved     author: 
silly resolved      { name: 'Wade Simmons',
silly resolved        email: 'wade@wades.im',
silly resolved        url: 'http://wades.im/mons' },
silly resolved     homepage: 'https://github.com/wadey/node-microtime',
silly resolved     repository: 
silly resolved      { type: 'git',
silly resolved        url: 'git://github.com/wadey/node-microtime.git' },
silly resolved     main: './index',
silly resolved     engines: { node: '>= 0.2.0' },
silly resolved     scripts: { install: 'node-waf configure build', test: 'node test.js' },
silly resolved     _id: 'microtime@0.2.0',
silly resolved     dependencies: {},
silly resolved     devDependencies: {},
silly resolved     optionalDependencies: {},
silly resolved     _engineSupported: true,
silly resolved     _npmVersion: '1.1.1',
silly resolved     _nodeVersion: 'v0.6.11',
silly resolved     _defaultsLoaded: true } ]
info into /Users/dan/New Code/pithy/node_modules/socket microtime@0.2.0
info installOne microtime@0.2.0
info unbuild /Users/dan/New Code/pithy/node_modules/socket/node_modules/microtime
verbose from cache /Users/dan/.npm/microtime/0.2.0/package/package.json
verbose mkdir (expected) error ENOENT, no such file or directory '/Users/dan/New Code/pithy/node_modules/socket/node_modules'
verbose mkdir (expected) error ENOENT, no such file or directory '/Users/dan/New Code/pithy/node_modules/socket/node_modules/___microtime.npm'
verbose mkdir done: /Users/dan/New Code/pithy/node_modules/socket/node_modules/___microtime.npm 755
verbose unpack_ uid, gid [ undefined, undefined ]
verbose unpackTarget /Users/dan/New Code/pithy/node_modules/socket/node_modules/microtime
silly gunzTarPerm modes [ '755', '644' ]
silly afterUntar undefined
silly asyncMap in gTP /Users/dan/New Code/pithy/node_modules/socket/node_modules/___microtime.npm/package
silly asyncMap in gTP /Users/dan/New Code/pithy/node_modules/socket/node_modules/___microtime.npm/package/index.js
silly asyncMap in gTP /Users/dan/New Code/pithy/node_modules/socket/node_modules/___microtime.npm/package/LICENSE
silly asyncMap in gTP /Users/dan/New Code/pithy/node_modules/socket/node_modules/___microtime.npm/package/package.json
silly asyncMap in gTP /Users/dan/New Code/pithy/node_modules/socket/node_modules/___microtime.npm/package/README.md
silly asyncMap in gTP /Users/dan/New Code/pithy/node_modules/socket/node_modules/___microtime.npm/package/test.js
silly asyncMap in gTP /Users/dan/New Code/pithy/node_modules/socket/node_modules/___microtime.npm/package/wscript
silly asyncMap in gTP /Users/dan/New Code/pithy/node_modules/socket/node_modules/___microtime.npm/package/src
silly asyncMap in gTP /Users/dan/New Code/pithy/node_modules/socket/node_modules/___microtime.npm/package/src/microtime.cc
verbose gunzed /Users/dan/New Code/pithy/node_modules/socket/node_modules/___microtime.npm/package
verbose rm'ed /Users/dan/New Code/pithy/node_modules/socket/node_modules/microtime
verbose renamed [ '/Users/dan/New Code/pithy/node_modules/socket/node_modules/___microtime.npm/package',
verbose renamed   '/Users/dan/New Code/pithy/node_modules/socket/node_modules/microtime' ]
verbose has wscript [ undefined,
verbose has wscript   { file: '/Users/dan/New Code/pithy/node_modules/socket/node_modules/microtime/package.json',
verbose has wscript     contributors: false,
verbose has wscript     serverjs: false,
verbose has wscript     wscript: true } ]
verbose caching /Users/dan/New Code/pithy/node_modules/socket/node_modules/microtime/package.json
verbose loadDefaults microtime@0.2.0
info preinstall microtime@0.2.0
verbose from cache /Users/dan/New Code/pithy/node_modules/socket/node_modules/microtime/package.json
silly resolved []
verbose about to build /Users/dan/New Code/pithy/node_modules/socket/node_modules/microtime
info build /Users/dan/New Code/pithy/node_modules/socket/node_modules/microtime
verbose from cache /Users/dan/New Code/pithy/node_modules/socket/node_modules/microtime/package.json
verbose linkStuff [ false,
verbose linkStuff   false,
verbose linkStuff   false,
verbose linkStuff   '/Users/dan/New Code/pithy/node_modules/socket/node_modules' ]
info linkStuff microtime@0.2.0
verbose linkBins microtime@0.2.0
verbose linkMans microtime@0.2.0
verbose rebuildBundles microtime@0.2.0
info install microtime@0.2.0
verbose unsafe-perm in lifecycle true
silly exec sh "-c" "node-waf configure build"
silly spawning [ 'sh',
silly spawning   [ '-c', 'node-waf configure build' ],
silly spawning   '/Users/dan/New Code/pithy/node_modules/socket/node_modules/microtime' ]
info microtime@0.2.0 Failed to exec install script
ERR! error installing microtime@0.2.0
info unbuild /Users/dan/New Code/pithy/node_modules/socket/node_modules/microtime
verbose from cache /Users/dan/New Code/pithy/node_modules/socket/node_modules/microtime/package.json
info preuninstall microtime@0.2.0
info uninstall microtime@0.2.0
verbose unbuild microtime@0.2.0 [ false,
verbose unbuild microtime@0.2.0   '/Users/dan/New Code/pithy/node_modules',
verbose unbuild microtime@0.2.0   '/Users/dan/New Code/pithy/node_modules/socket/node_modules' ]
info postuninstall microtime@0.2.0
verbose installOne cb microtime@0.2.0
verbose about to build /Users/dan/New Code/pithy/node_modules/socket
ERR! error installing socket@0.0.1
info unbuild /Users/dan/New Code/pithy/node_modules/socket
verbose from cache /Users/dan/New Code/pithy/node_modules/socket/package.json
info preuninstall socket@0.0.1
info uninstall socket@0.0.1
verbose unbuild socket@0.0.1 [ true,
verbose unbuild socket@0.0.1   '/Users/dan/New Code/pithy/node_modules',
verbose unbuild socket@0.0.1   '/Users/dan/New Code/pithy/node_modules' ]
info postuninstall socket@0.0.1
verbose installOne cb socket@0.0.1
ERR! microtime@0.2.0 install: `node-waf configure build`
ERR! `sh "-c" "node-waf configure build"` failed with 1
ERR! 
ERR! Failed at the microtime@0.2.0 install script.
ERR! This is most likely a problem with the microtime package,
ERR! not with npm itself.
ERR! Tell the author that this fails on your system:
ERR!     node-waf configure build
ERR! You can get their info via:
ERR!     npm owner ls microtime
ERR! There is likely additional logging output above.
ERR! 
ERR! System Darwin 12.2.0
ERR! command "node" "/usr/local/bin/npm" "install" "socket"
ERR! cwd /Users/dan/New Code/pithy
ERR! node -v v0.6.11
ERR! npm -v 1.1.1
ERR! code ELIFECYCLE
ERR! message microtime@0.2.0 install: `node-waf configure build`
ERR! message `sh "-c" "node-waf configure build"` failed with 1
ERR! errno {}
verbose exit [ 1, true ]
